This is pdfTeX, Version 3.141592653-2.6-1.40.24 (TeX Live 2022) (preloaded format=latex 2023.1.25)  25 JAN 2023 13:36
entering extended mode
 restricted \write18 enabled.
 %&-line parsing enabled.
**\makeatletter\def\HCode{\futurelet\HCode\HChar}\def\HChar{\ifx"\HCode\def\HCo
de"##1"{\Link##1}\expandafter\HCode\else\expandafter\Link\fi}\def\Link#1.a.b.c.
{\AddToHook{class/before}{\RequirePackage[#1,html]{tex4ht}}\let\HCode\documents
tyle\def\documentstyle{\let\documentstyle\HCode\expandafter\def\csname tex4ht\e
ndcsname{#1,html}\def\HCode####1{\documentstyle[tex4ht,}\@ifnextchar[{\HCode}{\
documentstyle[tex4ht]}}}\makeatother\HCode xhtml,main.tex,charset=utf-8,html5.a
.b.c.\input "\detokenize{debug}"
! Emergency stop.
<*> ...f-8,html5.a.b.c.\input "\detokenize{debug}"
                                                  
*** (job aborted, file error in nonstop mode)

 
Here is how much of TeX's memory you used:
 18 strings out of 478269
 374 string characters out of 5846373
 289375 words of memory out of 5000000
 18328 multiletter control sequences out of 15000+600000
 469259 words of font info for 28 fonts, out of 8000000 for 9000
 1141 hyphenation exceptions out of 8191
 12i,0n,19p,539b,10s stack positions out of 10000i,1000n,20000p,200000b,200000s
No pages of output.
